05-10 15:17:23.179   797  1266 I ActivityManager: START u0 {act=android.intent.action.MAIN cat=[android.intent.category.LAUNCHER] flg=0x10200000 cmp=org.webview/org.kivy.android.PythonActivity (has extras)} from uid 10019 on display 0
05-10 15:17:23.276   797  5594 I ActivityManager: Start proc 6895:org.webview/u0a329 for activity org.webview/org.kivy.android.PythonActivity
05-10 15:17:23.823  6895  6895 W linker  : /data/app/org.webview-1/lib/arm/libpython2.7.so: is missing DT_SONAME will use basename as a replacement: "libpython2.7.so"
05-10 15:17:23.847  6895  6895 W linker  : /data/data/org.webview/files/app/lib/python2.7/lib-dynload/_io.so: is missing DT_SONAME will use basename as a replacement: "_io.so"
05-10 15:17:23.856  6895  6895 W linker  : /data/data/org.webview/files/app/lib/python2.7/lib-dynload/unicodedata.so: is missing DT_SONAME will use basename as a replacement: "unicodedata.so"
05-10 15:17:23.860  6895  6895 W linker  : /data/data/org.webview/files/app/lib/python2.7/lib-dynload/_ctypes.so: is missing DT_SONAME will use basename as a replacement: "_ctypes.so"
05-10 15:17:24.044  6895  6930 I python  : /data/user/0/org.webview/files/app
05-10 15:17:24.054  6895  6930 I python  : ('Android path', ['/data/user/0/org.webview/files/app/lib/python27.zip', '/data/user/0/org.webview/files/app/lib/python2.7/', '/data/user/0/org.webview/files/app/lib/python2.7/lib-dynload/', '/data/user/0/org.webview/files/app/lib/python2.7/site-packages/', '/data/user/0/org.webview/files/app'])
05-10 15:17:24.087   797   818 I ActivityManager: Displayed org.webview/org.kivy.android.PythonActivity: +827ms
05-10 15:17:24.124  6895  6930 I python  : ('os.environ is', {'ANDROID_APP_PATH': '/data/user/0/org.webview/files/app', 'EXTERNAL_STORAGE': '/sdcard', 'ANDROID_ENTRYPOINT': 'main.pyo', 'ANDROID_ASSETS': '/system/app', 'PYTHONPATH': '/data/user/0/org.webview/files/app:/data/user/0/org.webview/files/app/lib', 'ANDROID_ARGUMENT': '/data/user/0/org.webview/files/app', 'ANDROID_ROOT': '/system', 'SYSTEMSERVERCLASSPATH': '/system/framework/services.jar:/system/framework/ethernet-service.jar:/system/framework/wifi-service.jar', 'PYTHONOPTIMIZE': '2', 'ANDROID_DATA': '/data', 'PYTHONHOME': '/data/user/0/org.webview/files/app', 'ANDROID_SOCKET_zygote': '12', 'BOOTCLASSPATH': '/system/framework/core-libart.jar:/system/framework/conscrypt.jar:/system/framework/okhttp.jar:/system/framework/core-junit.jar:/system/framework/bouncycastle.jar:/system/framework/ext.jar:/system/framework/framework.jar:/system/framework/telephony-common.jar:/system/framework/voip-common.jar:/system/framework/ims-common.jar:/system/framework/apache-xml.jar:/system/framework/org.apache.http.legacy.boot.jar', 'ANDROID_PROPERTY_WORKSPACE': '10,0', 'ASEC_MOUNTPOINT': '/mnt/asec', 'PATH': '/sbin:/vendor/bin:/system/sbin:/system/bin:/system/xbin', 'ANDROID_STORAGE': '/storage', 'ANDROID_BOOTLOGO': '1', 'ANDROID_PRIVATE': '/data/user/0/org.webview/files', 'PYTHON_NAME': 'python'})
05-10 15:17:24.238  6895  6930 I python  : ['/data/user/0/org.webview/files/app/lib/python2.7/site-packages', '/data/user/0/org.webview/files/app/lib/site-python']
05-10 15:17:24.458  6895  6930 I python  : [INFO   ] [Logger      ] Record log in /data/user/0/org.webview/files/app/.kivy/logs/kivy_17-05-10_2.txt
05-10 15:17:24.484  6895  6930 W linker  : /data/data/org.webview/files/app/libpymodules.so: is missing DT_SONAME will use basename as a replacement: "libpymodules.so"
05-10 15:17:27.266  6895  6930 F art     : art/runtime/java_vm_ext.cc:410]   native: #08 pc 00337aec  /data/data/org.webview/files/app/libpymodules.so (???)
05-10 15:17:27.531  6895  6930 F art     : art/runtime/runtime.cc:366]   native: #11 pc 00337aec  /data/data/org.webview/files/app/libpymodules.so (???)
05-10 15:17:27.531  6895  6930 F art     : art/runtime/runtime.cc:366]   native: #13 pc 00337aec  /data/data/org.webview/files/app/libpymodules.so (???)
05-10 15:17:27.639   281   281 F DEBUG   : pid: 6895, tid: 6930, name: SDLThread  >>> org.webview <<<
05-10 15:17:27.632   281   281 W debuggerd: type=1400 audit(0.0:125653): avc: denied { search } for name="org.webview" dev="dm-0" ino=483543 scontext=u:r:debuggerd:s0 tcontext=u:object_r:app_data_file:s0:c512,c768 tclass=dir permissive=0
05-10 15:17:27.642   281   281 W debuggerd: type=1400 audit(0.0:125654): avc: denied { search } for name="org.webview" dev="dm-0" ino=483543 scontext=u:r:debuggerd:s0 tcontext=u:object_r:app_data_file:s0:c512,c768 tclass=dir permissive=0
05-10 15:17:27.642   281   281 W debuggerd: type=1400 audit(0.0:125655): avc: denied { search } for name="org.webview" dev="dm-0" ino=483543 scontext=u:r:debuggerd:s0 tcontext=u:object_r:app_data_file:s0:c512,c768 tclass=dir permissive=0
05-10 15:17:27.642   281   281 W debuggerd: type=1400 audit(0.0:125656): avc: denied { search } for name="org.webview" dev="dm-0" ino=483543 scontext=u:r:debuggerd:s0 tcontext=u:object_r:app_data_file:s0:c512,c768 tclass=dir permissive=0
05-10 15:17:27.682   281   281 W debuggerd: type=1400 audit(0.0:125657): avc: denied { search } for name="org.webview" dev="dm-0" ino=483543 scontext=u:r:debuggerd:s0 tcontext=u:object_r:app_data_file:s0:c512,c768 tclass=dir permissive=0
05-10 15:17:27.696   281   281 F DEBUG   :     #13 pc 00337aec  /data/data/org.webview/files/app/libpymodules.so
05-10 15:17:28.348   797  6947 W ActivityManager:   Force finishing activity org.webview/org.kivy.android.PythonActivity
05-10 15:17:28.373   797   889 W InputDispatcher: channel 'e5d67f1 org.webview/org.kivy.android.PythonActivity (server)' ~ Consumer closed input channel or an error occurred.  events=0x9
05-10 15:17:28.373   797   889 E InputDispatcher: channel 'e5d67f1 org.webview/org.kivy.android.PythonActivity (server)' ~ Channel is unrecoverably broken and will be disposed!
05-10 15:17:28.375   797   807 I WindowState: WIN DEATH: Window{e5d67f1 u0 org.webview/org.kivy.android.PythonActivity}
05-10 15:17:28.375   797   807 W InputDispatcher: Attempted to unregister already unregistered input channel 'e5d67f1 org.webview/org.kivy.android.PythonActivity (server)'
05-10 15:17:28.496   797   967 I ActivityManager: Process org.webview (pid 6895) has died
